<?xml version="1.0" encoding="UTF-8"?>
<!-- Generated by org.testng.reporters.JUnitXMLReporter -->
<testsuite hostname="ip-192-168-1-39.ap-south-1.compute.internal" ignored="0" name="Brainly Automation Suit" tests="2" failures="2" timestamp="01 Nov 2021 20:31:37 GMT" time="47.851" errors="0">
  <testcase name="feature" time="24.846" classname="runner.TestRunner">
    <failure type="cucumber.runtime.CucumberException" message="java.lang.AssertionError: [Expected result: Value too large actual result: Timeout. Undefined?] expected [true] but found [false]">
      <![CDATA[cucumber.runtime.CucumberException: java.lang.AssertionError: [Expected result: Value too large actual result: Timeout. Undefined?] expected [true] but found [false]
at cucumber.api.testng.TestNGCucumberRunner.runCucumber(TestNGCucumberRunner.java:69)
at runner.TestRunner.feature(TestRunner.java:36)
at java.util.concurrent.FutureTask.run(FutureTask.java:266)
at java.util.concurrent.ThreadPoolExecutor.runWorker(ThreadPoolExecutor.java:1149)
at java.util.concurrent.ThreadPoolExecutor$Worker.run(ThreadPoolExecutor.java:624)
at java.lang.Thread.run(Thread.java:748)
Caused by: java.lang.AssertionError: [Expected result: Value too large actual result: Timeout. Undefined?] expected [true] but found [false]
at stepDefinitions.StepDefinition.red_validation_message_appears_in_the_result_field(StepDefinition.java:85)
at ✽.Then "Value too large" red validation message appears in the result field(CalculationwithInvalidData.feature:9)
... Removed 21 stack frames]]>
    </failure>
  </testcase> <!-- feature -->
  <testcase name="feature" time="22.811" classname="runner.TestRunner">
    <failure type="cucumber.runtime.CucumberException" message="java.lang.AssertionError: [Expected result: 2.303 actual result: 0.042083866] expected [true] but found [false]">
      <![CDATA[cucumber.runtime.CucumberException: java.lang.AssertionError: [Expected result: 2.303 actual result: 0.042083866] expected [true] but found [false]
at cucumber.api.testng.TestNGCucumberRunner.runCucumber(TestNGCucumberRunner.java:69)
at runner.TestRunner.feature(TestRunner.java:36)
at java.util.concurrent.FutureTask.run(FutureTask.java:266)
at java.util.concurrent.ThreadPoolExecutor.runWorker(ThreadPoolExecutor.java:1149)
at java.util.concurrent.ThreadPoolExecutor$Worker.run(ThreadPoolExecutor.java:624)
at java.lang.Thread.run(Thread.java:748)
Caused by: java.lang.AssertionError: [Expected result: 2.303 actual result: 0.042083866] expected [true] but found [false]
at stepDefinitions.StepDefinition.result_is_displayed_in_the_result_field(StepDefinition.java:78)
at ✽.Then "2.303" result is displayed in the result field(Calculationwithvaliddata.feature:11)
... Removed 21 stack frames]]>
    </failure>
  </testcase> <!-- feature -->
</testsuite> <!-- Brainly Automation Suit -->
